<?xml version="1.0" encoding="UTF-8"?>
<!-- Generated by org.testng.reporters.JUnitReportReporter -->
<testsuite hostname="MUM01L00506" failures="0" tests="1" name="test.TestClass" time="2.858" errors="0" timestamp="2023-09-10T14:02:27 IST" skipped="0">
  <testcase classname="test.TestClass" name="verifyEmplyeedetails" time="2.858"/>
  <system-out/>
</testsuite> <!-- test.TestClass -->
